TIMESTAMP | MOOD QUERY (V,A,C,N,O) | NEIGHBOR 1 (Dist) | NEIGHBOR 2 (Dist) | WEIGHTS | CRITICAL PARAMS
---------------------------------------------------------------------------------------------------
[15] Query: 0.80,0.40,0.80 | WINNER: face_happy_standard (Dist: 0.00)
[30] Query: 0.80,0.40,0.80 | WINNER: face_happy_standard (Dist: 0.00)
[45] Query: 0.80,0.40,0.80 | WINNER: face_happy_standard (Dist: 0.00)
[60] Query: 0.80,0.40,0.80 | WINNER: face_happy_standard (Dist: 0.00)
[75] Query: 0.80,0.40,0.80 | WINNER: face_happy_standard (Dist: 0.00)
[90] Query: 0.80,0.40,0.80 | WINNER: face_happy_standard (Dist: 0.00)
[105] Query: 0.80,0.40,0.80 | WINNER: face_happy_standard (Dist: 0.00)
[120] Query: 0.80,0.40,0.80 | WINNER: face_happy_standard (Dist: 0.00)
[135] Query: 0.80,0.40,0.80 | WINNER: face_happy_standard (Dist: 0.00)
[150] Query: 0.80,0.40,0.80 | WINNER: face_happy_standard (Dist: 0.00)
[165] Query: 0.80,0.40,0.80 | WINNER: face_happy_standard (Dist: 0.00)
[180] Query: 0.80,0.40,0.80 | WINNER: face_happy_standard (Dist: 0.00)
[195] Query: 0.80,0.40,0.80 | WINNER: face_happy_standard (Dist: 0.00)
[210] Query: 0.80,0.40,0.80 | WINNER: face_happy_standard (Dist: 0.00)
[225] Query: 0.80,0.40,0.80 | WINNER: face_happy_standard (Dist: 0.00)
[240] Query: 0.80,0.40,0.80 | WINNER: face_happy_standard (Dist: 0.00)
[255] Query: 0.80,0.40,0.80 | WINNER: face_happy_standard (Dist: 0.00)
[270] Query: 0.80,0.40,0.80 | WINNER: face_happy_standard (Dist: 0.00)
[285] Query: 0.80,0.40,0.80 | WINNER: face_happy_standard (Dist: 0.00)
[300] Query: 0.80,0.40,0.80 | WINNER: face_happy_standard (Dist: 0.00)
[315] Query: 0.80,0.40,0.80 | WINNER: face_happy_standard (Dist: 0.00)
[330] Query: 0.80,0.40,0.80 | WINNER: face_happy_standard (Dist: 0.00)
[345] Query: 0.80,0.40,0.80 | WINNER: face_happy_standard (Dist: 0.00)
[360] Query: 0.80,0.40,0.80 | WINNER: face_happy_standard (Dist: 0.00)
[375] Query: 0.80,0.40,0.80 | WINNER: face_happy_standard (Dist: 0.00)
[390] Query: 0.80,0.40,0.80 | WINNER: face_happy_standard (Dist: 0.00)
[405] Query: 0.80,0.40,0.80 | WINNER: face_happy_standard (Dist: 0.00)
[420] Query: 0.80,0.40,0.80 | WINNER: face_happy_standard (Dist: 0.00)
[435] Query: 0.80,0.40,0.80 | WINNER: face_happy_standard (Dist: 0.00)
[450] Query: 0.80,0.40,0.80 | WINNER: face_happy_standard (Dist: 0.00)
[465] Query: 0.80,0.40,0.80 | WINNER: face_happy_standard (Dist: 0.00)
[480] Query: 0.80,0.40,0.80 | WINNER: face_happy_standard (Dist: 0.00)
[495] Query: 0.80,0.40,0.80 | WINNER: face_happy_standard (Dist: 0.00)
[510] Query: 0.80,0.40,0.80 | WINNER: face_happy_standard (Dist: 0.00)
[525] Query: 0.80,0.40,0.80 | WINNER: face_happy_standard (Dist: 0.00)
[540] Query: 0.80,0.40,0.80 | WINNER: face_happy_standard (Dist: 0.00)
[555] Query: 0.80,0.40,0.80 | WINNER: face_happy_standard (Dist: 0.00)
[570] Query: 0.80,0.40,0.80 | WINNER: face_happy_standard (Dist: 0.00)
[585] Query: 0.80,0.40,0.80 | WINNER: face_happy_standard (Dist: 0.00)
[600] Query: 0.80,0.40,0.80 | WINNER: face_happy_standard (Dist: 0.00)
[615] Query: 0.80,0.40,0.80 | WINNER: face_happy_standard (Dist: 0.00)
[630] Query: 0.80,0.40,0.80 | WINNER: face_happy_standard (Dist: 0.00)
[645] Query: 0.80,0.40,0.80 | WINNER: face_happy_standard (Dist: 0.00)
[660] Query: 0.80,0.40,0.80 | WINNER: face_happy_standard (Dist: 0.00)
[675] Query: 0.80,0.40,0.80 | WINNER: face_happy_standard (Dist: 0.00)
[690] Query: 0.80,0.40,0.80 | WINNER: face_happy_standard (Dist: 0.00)
[705] Query: 0.80,0.40,0.80 | WINNER: face_happy_standard (Dist: 0.00)
[720] Query: 0.80,0.40,0.80 | WINNER: face_happy_standard (Dist: 0.00)
[735] Query: 0.80,0.40,0.80 | WINNER: face_happy_standard (Dist: 0.00)
[750] Query: -0.55,0.23,0.21 | WINNER: face_sad_standard (Dist: 0.01)
[765] Query: -0.80,0.20,0.10 | WINNER: face_sad_standard (Dist: 0.05)
[780] Query: -0.80,0.20,0.10 | WINNER: face_sad_standard (Dist: 0.05)
[795] Query: -0.80,0.20,0.10 | WINNER: face_sad_standard (Dist: 0.05)
[810] Query: -0.80,0.20,0.10 | WINNER: face_sad_standard (Dist: 0.05)
[825] Query: -0.80,0.20,0.10 | WINNER: face_sad_standard (Dist: 0.05)
[840] Query: -0.80,0.20,0.10 | WINNER: face_sad_standard (Dist: 0.05)
[855] Query: -0.80,0.20,0.10 | WINNER: face_sad_standard (Dist: 0.05)
[870] Query: -0.80,0.20,0.10 | WINNER: face_sad_standard (Dist: 0.05)
[885] Query: -0.80,0.20,0.10 | WINNER: face_sad_standard (Dist: 0.05)
[900] Query: -0.80,0.20,0.10 | WINNER: face_sad_standard (Dist: 0.05)
[915] Query: -0.80,0.20,0.10 | WINNER: face_sad_standard (Dist: 0.05)
[930] Query: -0.80,0.20,0.10 | WINNER: face_sad_standard (Dist: 0.05)
[945] Query: -0.80,0.20,0.10 | WINNER: face_sad_standard (Dist: 0.05)
[960] Query: -0.80,0.20,0.10 | WINNER: face_sad_standard (Dist: 0.05)
[975] Query: -0.80,0.20,0.10 | WINNER: face_sad_standard (Dist: 0.05)
[990] Query: -0.80,0.20,0.10 | WINNER: face_sad_standard (Dist: 0.05)
[1005] Query: -0.80,0.20,0.10 | WINNER: face_sad_standard (Dist: 0.05)
[1020] Query: -0.80,0.20,0.10 | WINNER: face_sad_standard (Dist: 0.05)
[1035] Query: -0.80,0.20,0.10 | WINNER: face_sad_standard (Dist: 0.05)
[1050] Query: -0.80,0.20,0.10 | WINNER: face_sad_standard (Dist: 0.05)
[1065] Query: -0.80,0.20,0.10 | WINNER: face_sad_standard (Dist: 0.05)
[1080] Query: -0.80,0.20,0.10 | WINNER: face_sad_standard (Dist: 0.05)
[1095] Query: -0.80,0.20,0.10 | WINNER: face_sad_standard (Dist: 0.05)
[1110] Query: -0.80,0.20,0.10 | WINNER: face_sad_standard (Dist: 0.05)
[1125] Query: -0.80,0.20,0.10 | WINNER: face_sad_standard (Dist: 0.05)
[1140] Query: -0.80,0.20,0.10 | WINNER: face_sad_standard (Dist: 0.05)
[1155] Query: -0.80,0.20,0.10 | WINNER: face_sad_standard (Dist: 0.05)
[1170] Query: -0.90,0.90,0.99 | WINNER: face_angry_shout (Dist: 0.03)
[1185] Query: -0.90,0.90,1.00 | WINNER: face_angry_shout (Dist: 0.03)
[1200] Query: -0.90,0.90,1.00 | WINNER: face_angry_shout (Dist: 0.03)
[1215] Query: -0.90,0.90,1.00 | WINNER: face_angry_shout (Dist: 0.03)
[1230] Query: -0.90,0.90,1.00 | WINNER: face_angry_shout (Dist: 0.03)
[1245] Query: -0.90,0.90,1.00 | WINNER: face_angry_shout (Dist: 0.03)
[1260] Query: -0.90,0.90,1.00 | WINNER: face_angry_shout (Dist: 0.03)
[1275] Query: -0.90,0.90,1.00 | WINNER: face_angry_shout (Dist: 0.03)
[1290] Query: -0.90,0.90,1.00 | WINNER: face_angry_shout (Dist: 0.03)
[1305] Query: -0.90,0.90,1.00 | WINNER: face_angry_shout (Dist: 0.03)
[1320] Query: -0.90,0.90,1.00 | WINNER: face_angry_shout (Dist: 0.03)
[1335] Query: -0.90,0.90,1.00 | WINNER: face_angry_shout (Dist: 0.03)
[1350] Query: -0.90,0.90,1.00 | WINNER: face_angry_shout (Dist: 0.03)
[1365] Query: -0.90,0.90,1.00 | WINNER: face_angry_shout (Dist: 0.03)
[1380] Query: -0.90,0.90,1.00 | WINNER: face_angry_shout (Dist: 0.03)
[1395] Query: -0.90,0.90,1.00 | WINNER: face_angry_shout (Dist: 0.03)
[1410] Query: -0.90,0.90,1.00 | WINNER: face_angry_shout (Dist: 0.03)
[1425] Query: -0.90,0.90,1.00 | WINNER: face_angry_shout (Dist: 0.03)
[1440] Query: -0.90,0.90,1.00 | WINNER: face_angry_shout (Dist: 0.03)
[1455] Query: -0.90,0.90,1.00 | WINNER: face_angry_shout (Dist: 0.03)
[1470] Query: -0.90,0.90,1.00 | WINNER: face_angry_shout (Dist: 0.03)
[1485] Query: -0.90,0.90,1.00 | WINNER: face_angry_shout (Dist: 0.03)
[1500] Query: -0.90,0.90,1.00 | WINNER: face_angry_shout (Dist: 0.03)
[1515] Query: -0.90,0.90,1.00 | WINNER: face_angry_shout (Dist: 0.03)
[1530] Query: -0.90,0.90,1.00 | WINNER: face_angry_shout (Dist: 0.03)
[1545] Query: -0.90,0.90,1.00 | WINNER: face_angry_shout (Dist: 0.03)
[1560] Query: -0.90,0.90,1.00 | WINNER: face_angry_shout (Dist: 0.03)
[1575] Query: -0.90,0.90,1.00 | WINNER: face_angry_shout (Dist: 0.03)
[1590] Query: -0.90,0.90,1.00 | WINNER: face_angry_shout (Dist: 0.03)
[1605] Query: -0.90,0.90,1.00 | WINNER: face_angry_shout (Dist: 0.03)
[1620] Query: -0.90,0.90,1.00 | WINNER: face_angry_shout (Dist: 0.03)
[1635] Query: -0.90,0.90,1.00 | WINNER: face_angry_shout (Dist: 0.03)
[1650] Query: -0.90,0.90,1.00 | WINNER: face_angry_shout (Dist: 0.03)
[1665] Query: -0.90,0.90,1.00 | WINNER: face_angry_shout (Dist: 0.03)
[1680] Query: -0.90,0.90,1.00 | WINNER: face_angry_shout (Dist: 0.03)
[1695] Query: -0.90,0.90,1.00 | WINNER: face_angry_shout (Dist: 0.03)
[1710] Query: -0.90,0.90,1.00 | WINNER: face_angry_shout (Dist: 0.03)
[1725] Query: -0.90,0.90,1.00 | WINNER: face_angry_shout (Dist: 0.21)
[1740] Query: -0.90,0.90,1.00 | WINNER: face_angry_shout (Dist: 0.09)
[1755] Query: -0.90,0.90,1.00 | WINNER: face_angry_shout (Dist: 0.04)
[1770] Query: -0.90,0.90,1.00 | WINNER: face_angry_shout (Dist: 0.22)
[1785] Query: -0.90,0.90,1.00 | WINNER: face_angry_shout (Dist: 0.55)
[1800] Query: -0.90,0.90,1.00 | WINNER: face_angry_shout (Dist: 0.51)
[1815] Query: -0.90,0.90,1.00 | WINNER: face_angry_shout (Dist: 0.58)
[1830] Query: -0.90,0.90,1.00 | WINNER: face_angry_shout (Dist: 0.29)
[1845] Query: -0.90,0.90,1.00 | WINNER: face_angry_shout (Dist: 0.12)
[1860] Query: -0.90,0.90,1.00 | WINNER: face_angry_shout (Dist: 0.06)
[1875] Query: -0.90,0.90,1.00 | WINNER: face_angry_shout (Dist: 0.03)
[1890] Query: -0.90,0.90,1.00 | WINNER: face_angry_shout (Dist: 0.02)
[1905] Query: -0.90,0.90,1.00 | WINNER: face_angry_shout (Dist: 0.02)
[1920] Query: -0.90,0.90,1.00 | WINNER: face_angry_shout (Dist: 0.02)
[1935] Query: -0.90,0.90,1.00 | WINNER: face_angry_shout (Dist: 0.02)
[1950] Query: -0.90,0.90,1.00 | WINNER: face_angry_shout (Dist: 0.02)
[1965] Query: -0.90,0.90,1.00 | WINNER: face_angry_shout (Dist: 0.03)
[1980] Query: -0.90,0.90,1.00 | WINNER: face_angry_shout (Dist: 0.03)
[1995] Query: -0.90,0.90,1.00 | WINNER: face_angry_shout (Dist: 0.03)
[2010] Query: -0.90,0.90,1.00 | WINNER: face_angry_shout (Dist: 0.03)
[2025] Query: -0.90,0.90,1.00 | WINNER: face_angry_shout (Dist: 0.03)
[2040] Query: -0.90,0.90,1.00 | WINNER: face_angry_shout (Dist: 0.03)
[2055] Query: -0.90,0.90,1.00 | WINNER: face_angry_shout (Dist: 0.03)
[2070] Query: -0.90,0.90,1.00 | WINNER: face_angry_shout (Dist: 0.03)
[2085] Query: -0.90,0.90,1.00 | WINNER: face_angry_shout (Dist: 0.03)
[2100] Query: -0.90,0.90,1.00 | WINNER: face_angry_shout (Dist: 0.03)
[2115] Query: -0.90,0.90,1.00 | WINNER: face_angry_shout (Dist: 0.03)
[2130] Query: -0.90,0.90,1.00 | WINNER: face_angry_shout (Dist: 0.03)
[2145] Query: -0.90,0.90,1.00 | WINNER: face_angry_shout (Dist: 0.03)
[2160] Query: -0.90,0.90,1.00 | WINNER: face_angry_shout (Dist: 0.03)
[2175] Query: -0.90,0.90,1.00 | WINNER: face_angry_shout (Dist: 0.03)
[2190] Query: -0.90,0.90,1.00 | WINNER: face_angry_shout (Dist: 0.03)
[2205] Query: -0.90,0.90,0.50 | WINNER: face_crying_tears (Dist: 0.26)
[2220] Query: -0.90,0.90,-0.00 | WINNER: face_crying_wail (Dist: 0.05)
[2235] Query: -0.90,0.90,0.00 | WINNER: face_crying_wail (Dist: 0.05)
[2250] Query: -0.90,0.90,-0.00 | WINNER: face_crying_wail (Dist: 0.05)
[2265] Query: -0.90,0.90,0.00 | WINNER: face_crying_wail (Dist: 0.05)
[2280] Query: -0.90,0.90,-0.00 | WINNER: face_crying_wail (Dist: 0.05)
[2295] Query: -0.90,0.90,0.00 | WINNER: face_crying_wail (Dist: 0.05)
[2310] Query: -0.90,0.90,-0.00 | WINNER: face_crying_wail (Dist: 0.05)
[2325] Query: -0.90,0.90,-0.00 | WINNER: face_crying_wail (Dist: 0.05)
[2340] Query: -0.90,0.90,0.00 | WINNER: face_crying_wail (Dist: 0.05)
[2355] Query: -0.90,0.90,-0.00 | WINNER: face_crying_wail (Dist: 0.05)
[2370] Query: -0.90,0.90,0.00 | WINNER: face_crying_wail (Dist: 0.05)
[2385] Query: -0.90,0.90,-0.00 | WINNER: face_crying_wail (Dist: 0.05)
[2400] Query: -0.90,0.90,0.00 | WINNER: face_crying_wail (Dist: 0.05)
[2415] Query: -0.90,0.90,-0.00 | WINNER: face_crying_wail (Dist: 0.05)
[2430] Query: -0.90,0.90,0.00 | WINNER: face_crying_wail (Dist: 0.05)
[2445] Query: -0.90,0.90,-0.00 | WINNER: face_crying_wail (Dist: 0.05)
[2460] Query: -0.90,0.90,0.00 | WINNER: face_crying_wail (Dist: 0.05)
[2475] Query: -0.90,0.90,0.00 | WINNER: face_crying_wail (Dist: 0.05)
[2490] Query: -0.90,0.90,0.00 | WINNER: face_crying_wail (Dist: 0.05)
[2505] Query: -0.90,0.90,0.00 | WINNER: face_crying_wail (Dist: 0.05)
[2520] Query: -0.90,0.90,0.00 | WINNER: face_crying_wail (Dist: 0.05)
[2535] Query: -0.90,0.90,0.00 | WINNER: face_crying_wail (Dist: 0.05)
[2550] Query: -0.90,0.90,0.00 | WINNER: face_crying_wail (Dist: 0.05)
[2565] Query: -0.90,0.90,0.00 | WINNER: face_crying_wail (Dist: 0.05)
[2580] Query: -0.90,0.90,0.00 | WINNER: face_crying_wail (Dist: 0.05)
[2595] Query: -0.90,0.90,0.00 | WINNER: face_crying_wail (Dist: 0.05)
[2610] Query: -0.90,0.90,0.00 | WINNER: face_crying_wail (Dist: 0.05)
[2625] Query: -0.90,0.90,0.00 | WINNER: face_crying_wail (Dist: 0.05)
[2640] Query: 0.77,0.50,0.49 | WINNER: face_kissy_face (Dist: 0.06)
[2655] Query: 0.80,0.50,0.50 | WINNER: face_kissy_face (Dist: 0.05)
[2670] Query: 0.80,0.50,0.50 | WINNER: face_kissy_face (Dist: 0.05)
[2685] Query: 0.80,0.50,0.50 | WINNER: face_kissy_face (Dist: 0.05)
[2700] Query: 0.80,0.50,0.50 | WINNER: face_kissy_face (Dist: 0.05)
[2715] Query: 0.80,0.50,0.50 | WINNER: face_kissy_face (Dist: 0.05)
[2730] Query: 0.80,0.50,0.50 | WINNER: face_kissy_face (Dist: 0.05)
[2745] Query: 0.80,0.50,0.50 | WINNER: face_kissy_face (Dist: 0.05)
[2760] Query: 0.80,0.50,0.50 | WINNER: face_kissy_face (Dist: 0.05)
[2775] Query: 0.80,0.50,0.50 | WINNER: face_kissy_face (Dist: 0.05)
[2790] Query: 0.80,0.50,0.50 | WINNER: face_kissy_face (Dist: 0.05)
[2805] Query: 0.80,0.50,0.50 | WINNER: face_kissy_face (Dist: 0.05)
[2820] Query: 0.80,0.50,0.50 | WINNER: face_kissy_face (Dist: 0.05)
[2835] Query: 0.80,0.50,0.50 | WINNER: face_kissy_face (Dist: 0.05)
[2850] Query: 0.80,0.50,0.50 | WINNER: face_kissy_face (Dist: 0.05)
[2865] Query: 0.80,0.50,0.50 | WINNER: face_kissy_face (Dist: 0.05)
[2880] Query: 0.80,0.50,0.50 | WINNER: face_kissy_face (Dist: 0.05)
[2895] Query: 0.80,0.50,0.50 | WINNER: face_kissy_face (Dist: 0.05)
[2910] Query: 0.80,0.50,0.50 | WINNER: face_kissy_face (Dist: 0.05)
[2925] Query: 0.80,0.50,0.50 | WINNER: face_kissy_face (Dist: 0.05)
[2940] Query: 0.80,0.50,0.50 | WINNER: face_kissy_face (Dist: 0.05)
[2955] Query: 0.80,0.50,0.50 | WINNER: face_kissy_face (Dist: 0.05)
[2970] Query: 0.80,0.50,0.50 | WINNER: face_kissy_face (Dist: 0.05)
[2985] Query: 0.80,0.50,0.50 | WINNER: face_kissy_face (Dist: 0.05)
[3000] Query: 0.80,0.50,0.50 | WINNER: face_kissy_face (Dist: 0.05)
[3015] Query: 0.80,0.50,0.50 | WINNER: face_kissy_face (Dist: 0.05)
[3030] Query: 0.80,0.50,0.50 | WINNER: face_kissy_face (Dist: 0.05)
[3045] Query: 0.80,0.50,0.50 | WINNER: face_kissy_face (Dist: 0.07)
[3060] Query: 0.80,0.50,0.50 | WINNER: face_kawaii_sparkle (Dist: 0.06)
[3075] Query: 0.80,0.50,0.50 | WINNER: face_kawaii_sparkle (Dist: 0.06)
[3090] Query: 0.80,0.50,0.50 | WINNER: face_silly_tongue (Dist: 0.09)
[3105] Query: 0.80,0.50,0.50 | WINNER: face_blush (Dist: 0.08)
[3120] Query: 0.80,0.50,0.50 | WINNER: face_kissy_face (Dist: 0.07)
[3135] Query: 0.80,0.50,0.50 | WINNER: face_kissy_face (Dist: 0.06)
[3150] Query: 0.80,0.50,0.50 | WINNER: face_kissy_face (Dist: 0.06)
[3165] Query: 0.80,0.50,0.50 | WINNER: face_kissy_face (Dist: 0.05)
[3180] Query: 0.80,0.50,0.50 | WINNER: face_kissy_face (Dist: 0.05)
[3195] Query: 0.80,0.50,0.50 | WINNER: face_kissy_face (Dist: 0.05)
[3210] Query: 0.80,0.50,0.50 | WINNER: face_kissy_face (Dist: 0.05)
[3225] Query: 0.80,0.50,0.50 | WINNER: face_kissy_face (Dist: 0.05)
[3240] Query: 0.80,0.50,0.50 | WINNER: face_kawaii_sparkle (Dist: 0.05)
[3255] Query: 0.80,0.50,0.50 | WINNER: face_kawaii_sparkle (Dist: 0.05)
[3270] Query: 0.80,0.50,0.50 | WINNER: face_kawaii_sparkle (Dist: 0.08)
[3285] Query: 0.80,0.50,0.50 | WINNER: face_kawaii_sparkle (Dist: 0.09)
[3300] Query: 0.80,0.50,0.50 | WINNER: face_kawaii_sparkle (Dist: 0.11)
[3315] Query: 0.80,0.50,0.50 | WINNER: face_kawaii_sparkle (Dist: 0.09)
[3330] Query: 0.80,0.50,0.50 | WINNER: face_kawaii_sparkle (Dist: 0.07)
[3345] Query: 0.80,0.50,0.50 | WINNER: face_kawaii_sparkle (Dist: 0.06)
[3360] Query: 0.80,0.50,0.50 | WINNER: face_silly_tongue (Dist: 0.09)
[3375] Query: 0.80,0.50,0.50 | WINNER: face_blush (Dist: 0.08)
[3390] Query: 0.80,0.50,0.50 | WINNER: face_kissy_face (Dist: 0.08)
[3405] Query: 0.80,0.50,0.50 | WINNER: face_kissy_face (Dist: 0.06)
[3420] Query: 0.80,0.50,0.50 | WINNER: face_kissy_face (Dist: 0.06)
[3435] Query: 0.80,0.50,0.50 | WINNER: face_kawaii_sparkle (Dist: 0.09)
[3450] Query: 0.80,0.50,0.50 | WINNER: face_kawaii_sparkle (Dist: 0.06)
[3465] Query: 0.80,0.50,0.50 | WINNER: face_kawaii_sparkle (Dist: 0.07)
[3480] Query: 0.80,0.50,0.50 | WINNER: face_silly_tongue (Dist: 0.09)
[3495] Query: 0.80,0.50,0.50 | WINNER: face_blush (Dist: 0.08)
[3510] Query: 0.80,0.50,0.50 | WINNER: face_kissy_face (Dist: 0.07)
[3525] Query: 0.80,0.50,0.50 | WINNER: face_kissy_face (Dist: 0.06)
[3540] Query: 0.80,0.50,0.50 | WINNER: face_kissy_face (Dist: 0.05)
[3555] Query: 0.80,0.50,0.50 | WINNER: face_kissy_face (Dist: 0.05)
[3570] Query: 0.80,0.50,0.50 | WINNER: face_kissy_face (Dist: 0.05)
[3585] Query: 0.80,0.50,0.50 | WINNER: face_kissy_face (Dist: 0.05)
[3600] Query: 0.80,0.50,0.50 | WINNER: face_kissy_face (Dist: 0.05)
[3615] Query: 0.80,0.50,0.50 | WINNER: face_kissy_face (Dist: 0.05)
[3630] Query: 0.80,0.50,0.50 | WINNER: face_kissy_face (Dist: 0.05)
[3645] Query: 0.80,0.50,0.50 | WINNER: face_kissy_face (Dist: 0.05)
[3660] Query: 0.80,0.50,0.50 | WINNER: face_kissy_face (Dist: 0.05)
[3675] Query: 0.80,0.50,0.50 | WINNER: face_kissy_face (Dist: 0.05)
[3690] Query: 0.80,0.50,0.50 | WINNER: face_kissy_face (Dist: 0.05)
[3705] Query: 0.80,0.50,0.50 | WINNER: face_kissy_face (Dist: 0.05)
[3720] Query: 0.80,0.50,0.50 | WINNER: face_kissy_face (Dist: 0.05)
[3735] Query: 0.80,0.50,0.50 | WINNER: face_kissy_face (Dist: 0.05)
[3750] Query: 0.80,0.50,0.50 | WINNER: face_kissy_face (Dist: 0.05)
[3765] Query: 0.80,0.50,0.50 | WINNER: face_kissy_face (Dist: 0.05)
[3780] Query: 0.80,0.50,0.50 | WINNER: face_kissy_face (Dist: 0.05)
[3795] Query: 0.80,0.50,0.50 | WINNER: face_kissy_face (Dist: 0.05)
[3810] Query: 0.80,0.50,0.50 | WINNER: face_kissy_face (Dist: 0.05)
[3825] Query: 0.80,0.50,0.50 | WINNER: face_kissy_face (Dist: 0.05)
[3840] Query: 0.80,0.50,0.50 | WINNER: face_kissy_face (Dist: 0.05)
[3855] Query: 0.80,0.50,0.50 | WINNER: face_kissy_face (Dist: 0.05)
[3870] Query: 0.80,0.50,0.50 | WINNER: face_kissy_face (Dist: 0.05)
[3885] Query: 0.80,0.50,0.50 | WINNER: face_kissy_face (Dist: 0.05)
[3900] Query: 0.80,0.50,0.50 | WINNER: face_kissy_face (Dist: 0.05)
[3915] Query: 0.80,0.50,0.50 | WINNER: face_kissy_face (Dist: 0.05)
[3930] Query: 0.80,0.50,0.50 | WINNER: face_kissy_face (Dist: 0.05)
[3945] Query: 0.80,0.50,0.50 | WINNER: face_kissy_face (Dist: 0.05)
[3960] Query: 0.80,0.50,0.50 | WINNER: face_kissy_face (Dist: 0.05)
[3975] Query: 0.80,0.50,0.50 | WINNER: face_kissy_face (Dist: 0.05)
[3990] Query: 0.80,0.50,0.50 | WINNER: face_kissy_face (Dist: 0.05)
[4005] Query: 0.80,0.50,0.50 | WINNER: face_kissy_face (Dist: 0.05)
[4020] Query: 0.80,0.50,0.50 | WINNER: face_kissy_face (Dist: 0.05)
[4035] Query: 0.80,0.50,0.50 | WINNER: face_kissy_face (Dist: 0.05)
[4050] Query: 0.80,0.50,0.50 | WINNER: face_kissy_face (Dist: 0.05)
[4065] Query: 0.80,0.50,0.50 | WINNER: face_kissy_face (Dist: 0.05)
[4080] Query: 0.80,0.50,0.50 | WINNER: face_kissy_face (Dist: 0.05)
[4095] Query: 0.80,0.50,0.50 | WINNER: face_kissy_face (Dist: 0.05)
[4110] Query: 0.80,0.50,0.50 | WINNER: face_kissy_face (Dist: 0.05)
[4125] Query: 0.80,0.50,0.50 | WINNER: face_kissy_face (Dist: 0.05)
[4140] Query: 0.80,0.50,0.50 | WINNER: face_kissy_face (Dist: 0.05)
[4155] Query: 0.80,0.50,0.50 | WINNER: face_kissy_face (Dist: 0.05)
[4170] Query: 0.80,0.50,0.50 | WINNER: face_kissy_face (Dist: 0.05)
[4185] Query: 0.80,0.50,0.50 | WINNER: face_kissy_face (Dist: 0.05)
[4200] Query: 0.80,0.50,0.50 | WINNER: face_kissy_face (Dist: 0.05)
[4215] Query: 0.80,0.50,0.50 | WINNER: face_kissy_face (Dist: 0.05)
[4230] Query: 0.80,0.50,0.50 | WINNER: face_kissy_face (Dist: 0.05)
[4245] Query: 0.80,0.50,0.50 | WINNER: face_kissy_face (Dist: 0.05)
[4260] Query: 0.80,0.50,0.50 | WINNER: face_kissy_face (Dist: 0.05)
[4275] Query: 0.80,0.50,0.50 | WINNER: face_kissy_face (Dist: 0.05)
[4290] Query: 0.80,0.50,0.50 | WINNER: face_kissy_face (Dist: 0.05)
[4305] Query: 0.80,0.50,0.50 | WINNER: face_kissy_face (Dist: 0.05)
[4320] Query: 0.80,0.50,0.50 | WINNER: face_kissy_face (Dist: 0.05)
[4335] Query: 0.80,0.50,0.50 | WINNER: face_kissy_face (Dist: 0.05)
[4350] Query: 0.80,0.50,0.50 | WINNER: face_kissy_face (Dist: 0.05)
[4365] Query: 0.80,0.50,0.50 | WINNER: face_kissy_face (Dist: 0.05)
[4380] Query: 0.80,0.50,0.50 | WINNER: face_kissy_face (Dist: 0.05)
[4395] Query: 0.80,0.50,0.50 | WINNER: face_kissy_face (Dist: 0.05)
[4410] Query: 0.80,0.50,0.50 | WINNER: face_kissy_face (Dist: 0.05)
[4425] Query: 0.80,0.50,0.50 | WINNER: face_kissy_face (Dist: 0.05)
[4440] Query: 0.80,0.50,0.50 | WINNER: face_kissy_face (Dist: 0.05)
[4455] Query: 0.80,0.50,0.50 | WINNER: face_kissy_face (Dist: 0.05)
[4470] Query: 0.80,0.50,0.50 | WINNER: face_kissy_face (Dist: 0.05)
[4485] Query: 0.80,0.50,0.50 | WINNER: face_kissy_face (Dist: 0.05)
[4500] Query: 0.80,0.50,0.50 | WINNER: face_kissy_face (Dist: 0.05)
[4515] Query: 0.80,0.50,0.50 | WINNER: face_kissy_face (Dist: 0.05)
[4530] Query: 0.80,0.50,0.50 | WINNER: face_kissy_face (Dist: 0.05)
[4545] Query: 0.80,0.50,0.50 | WINNER: face_kissy_face (Dist: 0.05)
[4560] Query: 0.80,0.50,0.50 | WINNER: face_kissy_face (Dist: 0.05)
[4575] Query: 0.80,0.50,0.50 | WINNER: face_kissy_face (Dist: 0.05)
[4590] Query: 0.80,0.50,0.50 | WINNER: face_kissy_face (Dist: 0.05)
[4605] Query: 0.80,0.50,0.50 | WINNER: face_kissy_face (Dist: 0.05)
[4620] Query: 0.80,0.50,0.50 | WINNER: face_kissy_face (Dist: 0.05)
[4635] Query: 0.80,0.50,0.50 | WINNER: face_kissy_face (Dist: 0.05)
[4650] Query: 0.80,0.50,0.50 | WINNER: face_kissy_face (Dist: 0.05)
[4665] Query: 0.80,0.50,0.50 | WINNER: face_kissy_face (Dist: 0.05)
[4680] Query: 0.80,0.50,0.50 | WINNER: face_kissy_face (Dist: 0.05)
[4695] Query: 0.80,0.50,0.50 | WINNER: face_kissy_face (Dist: 0.05)
[4710] Query: 0.80,0.50,0.50 | WINNER: face_kissy_face (Dist: 0.05)
[4725] Query: 0.80,0.50,0.50 | WINNER: face_kissy_face (Dist: 0.05)
[4740] Query: 0.80,0.50,0.50 | WINNER: face_kissy_face (Dist: 0.05)
[4755] Query: 0.80,0.50,0.50 | WINNER: face_kissy_face (Dist: 0.05)
[4770] Query: 0.80,0.50,0.50 | WINNER: face_kissy_face (Dist: 0.05)
[4785] Query: 0.80,0.50,0.50 | WINNER: face_kissy_face (Dist: 0.05)
[4800] Query: 0.80,0.50,0.50 | WINNER: face_kissy_face (Dist: 0.05)
[4815] Query: 0.80,0.50,0.50 | WINNER: face_kissy_face (Dist: 0.05)
[4830] Query: 0.80,0.50,0.50 | WINNER: face_kissy_face (Dist: 0.05)
[4845] Query: 0.80,0.50,0.50 | WINNER: face_kissy_face (Dist: 0.05)
[4860] Query: 0.80,0.50,0.50 | WINNER: face_kissy_face (Dist: 0.05)
[4875] Query: 0.80,0.50,0.50 | WINNER: face_kissy_face (Dist: 0.05)
[4890] Query: 0.80,0.50,0.50 | WINNER: face_kissy_face (Dist: 0.05)
[4905] Query: 0.80,0.50,0.50 | WINNER: face_kissy_face (Dist: 0.05)
[4920] Query: 0.80,0.50,0.50 | WINNER: face_kissy_face (Dist: 0.05)
[4935] Query: 0.80,0.50,0.50 | WINNER: face_kissy_face (Dist: 0.05)
[4950] Query: 0.80,0.50,0.50 | WINNER: face_kissy_face (Dist: 0.05)
[4965] Query: 0.80,0.50,0.50 | WINNER: face_kissy_face (Dist: 0.05)
[4980] Query: 0.80,0.50,0.50 | WINNER: face_kissy_face (Dist: 0.05)
[4995] Query: 0.80,0.50,0.50 | WINNER: face_kissy_face (Dist: 0.05)
[5010] Query: 0.80,0.50,0.50 | WINNER: face_kissy_face (Dist: 0.05)
[5025] Query: 0.80,0.50,0.50 | WINNER: face_kissy_face (Dist: 0.05)
[5040] Query: 0.80,0.50,0.50 | WINNER: face_kissy_face (Dist: 0.05)
[5055] Query: 0.80,0.50,0.50 | WINNER: face_kissy_face (Dist: 0.05)
[5070] Query: 0.80,0.50,0.50 | WINNER: face_kissy_face (Dist: 0.05)
[5085] Query: 0.80,0.50,0.50 | WINNER: face_kissy_face (Dist: 0.05)
[5100] Query: 0.80,0.50,0.50 | WINNER: face_kissy_face (Dist: 0.05)
[5115] Query: 0.80,0.50,0.50 | WINNER: face_kissy_face (Dist: 0.05)
[5130] Query: 0.80,0.50,0.50 | WINNER: face_kissy_face (Dist: 0.05)
[5145] Query: 0.80,0.50,0.50 | WINNER: face_kissy_face (Dist: 0.05)
[5160] Query: 0.80,0.50,0.50 | WINNER: face_kissy_face (Dist: 0.05)
[5175] Query: 0.80,0.50,0.50 | WINNER: face_kissy_face (Dist: 0.05)
[5190] Query: 0.80,0.50,0.50 | WINNER: face_kissy_face (Dist: 0.05)
[5205] Query: 0.80,0.50,0.50 | WINNER: face_kissy_face (Dist: 0.05)
[5220] Query: 0.80,0.50,0.50 | WINNER: face_kissy_face (Dist: 0.05)
[5235] Query: 0.80,0.50,0.50 | WINNER: face_kissy_face (Dist: 0.05)
[5250] Query: 0.80,0.50,0.50 | WINNER: face_kissy_face (Dist: 0.05)
[5265] Query: 0.80,0.50,0.50 | WINNER: face_kissy_face (Dist: 0.05)
[5280] Query: 0.80,0.50,0.50 | WINNER: face_kissy_face (Dist: 0.05)
[5295] Query: 0.80,0.50,0.50 | WINNER: face_kissy_face (Dist: 0.05)
[5310] Query: 0.80,0.50,0.50 | WINNER: face_kissy_face (Dist: 0.05)
[5325] Query: 0.80,0.50,0.50 | WINNER: face_kissy_face (Dist: 0.05)
[5340] Query: 0.80,0.50,0.50 | WINNER: face_kissy_face (Dist: 0.05)
[5355] Query: 0.80,0.50,0.50 | WINNER: face_kissy_face (Dist: 0.05)
[5370] Query: 0.80,0.50,0.50 | WINNER: face_kissy_face (Dist: 0.15)
[5385] Query: 0.80,0.50,0.50 | WINNER: face_kissy_face (Dist: 0.17)
[5400] Query: 0.80,0.50,0.50 | WINNER: face_kissy_face (Dist: 0.17)
[5415] Query: 0.80,0.50,0.50 | WINNER: face_kissy_face (Dist: 0.17)
[5430] Query: 0.80,0.50,0.50 | WINNER: face_kissy_face (Dist: 0.17)
[5445] Query: 0.80,0.50,0.50 | WINNER: face_kissy_face (Dist: 0.17)
[5460] Query: 0.80,0.50,0.50 | WINNER: face_kissy_face (Dist: 0.14)
[5475] Query: 0.80,0.50,0.50 | WINNER: face_kissy_face (Dist: 0.12)
[5490] Query: 0.80,0.50,0.50 | WINNER: face_kissy_face (Dist: 0.71)
[5505] Query: 0.80,0.50,0.50 | WINNER: face_kissy_face (Dist: 0.72)
[5520] Query: 0.80,0.50,0.13 | WINNER: face_blush (Dist: 0.78)
[5535] Query: 0.80,0.50,0.02 | WINNER: face_blush (Dist: 0.83)
[5550] Query: 0.80,0.50,0.02 | WINNER: face_blush (Dist: 0.83)
[5565] Query: 0.80,0.50,0.02 | WINNER: face_blush (Dist: 0.83)
[5580] Query: 0.80,0.50,0.02 | WINNER: face_blush (Dist: 0.83)
[5595] Query: 0.80,0.50,0.02 | WINNER: face_blush (Dist: 0.83)
[5610] Query: 0.80,0.50,0.02 | WINNER: face_blush (Dist: 0.83)
[5625] Query: 0.80,0.50,0.02 | WINNER: face_blush (Dist: 0.83)
[5640] Query: 0.80,0.50,0.49 | WINNER: face_kissy_face (Dist: 0.05)
[5655] Query: 0.80,0.50,0.50 | WINNER: face_kissy_face (Dist: 0.05)
[5670] Query: 0.80,0.50,0.50 | WINNER: face_kissy_face (Dist: 0.05)
[5685] Query: 0.80,0.50,0.50 | WINNER: face_kissy_face (Dist: 0.05)
[5700] Query: 0.80,0.50,0.50 | WINNER: face_kissy_face (Dist: 0.05)
[5715] Query: 0.80,0.50,0.50 | WINNER: face_kissy_face (Dist: 0.05)
[5730] Query: 0.80,0.50,0.50 | WINNER: face_kissy_face (Dist: 0.05)
[5745] Query: 0.80,0.50,0.50 | WINNER: face_kissy_face (Dist: 0.05)
[5760] Query: 0.80,0.50,0.50 | WINNER: face_kissy_face (Dist: 0.05)
[5775] Query: 0.80,0.50,0.50 | WINNER: face_kissy_face (Dist: 0.05)
[5790] Query: 0.80,0.50,0.50 | WINNER: face_kissy_face (Dist: 0.05)
[5805] Query: 0.80,0.50,0.50 | WINNER: face_kissy_face (Dist: 0.05)
[5820] Query: 0.80,0.50,0.50 | WINNER: face_kissy_face (Dist: 0.05)
[5835] Query: 0.80,0.50,0.50 | WINNER: face_kissy_face (Dist: 0.05)
[5850] Query: 0.80,0.50,0.50 | WINNER: face_kissy_face (Dist: 0.05)
[5865] Query: 0.80,0.50,0.50 | WINNER: face_kissy_face (Dist: 0.05)
[5880] Query: 0.80,0.50,0.50 | WINNER: face_kissy_face (Dist: 0.05)
[5895] Query: 0.80,0.50,0.50 | WINNER: face_kissy_face (Dist: 0.05)
[5910] Query: 0.80,0.50,0.50 | WINNER: face_kissy_face (Dist: 0.05)
[5925] Query: 0.80,0.50,0.50 | WINNER: face_kissy_face (Dist: 0.05)
[5940] Query: 0.80,0.50,0.50 | WINNER: face_kissy_face (Dist: 0.05)
[5955] Query: 0.80,0.50,0.50 | WINNER: face_kissy_face (Dist: 0.05)
[5970] Query: 0.80,0.50,0.50 | WINNER: face_kissy_face (Dist: 0.05)
[5985] Query: 0.80,0.50,0.50 | WINNER: face_kissy_face (Dist: 0.05)
[6000] Query: 0.80,0.50,0.50 | WINNER: face_kissy_face (Dist: 0.05)
[6015] Query: 0.80,0.50,0.50 | WINNER: face_kissy_face (Dist: 0.05)
[6030] Query: 0.80,0.50,0.50 | WINNER: face_kissy_face (Dist: 0.05)
[6045] Query: 0.80,0.50,0.50 | WINNER: face_kissy_face (Dist: 0.05)
[6060] Query: 0.80,0.50,0.50 | WINNER: face_kissy_face (Dist: 0.05)
[6075] Query: 0.80,0.50,0.50 | WINNER: face_kissy_face (Dist: 0.05)
[6090] Query: 0.80,0.50,0.50 | WINNER: face_kissy_face (Dist: 0.05)
[6105] Query: 0.80,0.50,0.50 | WINNER: face_kissy_face (Dist: 0.05)
[6120] Query: 0.80,0.50,0.50 | WINNER: face_kissy_face (Dist: 0.05)
[6135] Query: 0.80,0.50,0.50 | WINNER: face_kissy_face (Dist: 0.05)
[6150] Query: 0.80,0.50,0.50 | WINNER: face_kissy_face (Dist: 0.05)
[6165] Query: 0.80,0.50,0.50 | WINNER: face_kissy_face (Dist: 0.05)
[6180] Query: 0.80,0.50,0.50 | WINNER: face_kissy_face (Dist: 0.05)
[6195] Query: 0.80,0.50,0.50 | WINNER: face_kissy_face (Dist: 0.05)
[6210] Query: 0.80,0.50,0.50 | WINNER: face_kissy_face (Dist: 0.05)
[6225] Query: 0.80,0.50,0.50 | WINNER: face_kissy_face (Dist: 0.05)
[6240] Query: 0.80,0.50,0.50 | WINNER: face_kawaii_sparkle (Dist: 0.07)
[6255] Query: 0.80,0.50,0.50 | WINNER: face_kawaii_sparkle (Dist: 0.06)
[6270] Query: 0.80,0.50,0.50 | WINNER: face_silly_tongue (Dist: 0.09)
[6285] Query: 0.80,0.50,0.50 | WINNER: face_blush (Dist: 0.08)
[6300] Query: 0.80,0.50,0.50 | WINNER: face_kissy_face (Dist: 0.08)
[6315] Query: 0.80,0.50,0.50 | WINNER: face_kissy_face (Dist: 0.06)
[6330] Query: 0.80,0.50,0.50 | WINNER: face_kissy_face (Dist: 0.06)
[6345] Query: 0.80,0.50,0.50 | WINNER: face_kissy_face (Dist: 0.05)
[6360] Query: 0.80,0.50,0.50 | WINNER: face_kissy_face (Dist: 0.05)
[6375] Query: 0.80,0.50,0.50 | WINNER: face_kissy_face (Dist: 0.05)
[6390] Query: 0.80,0.50,0.50 | WINNER: face_kissy_face (Dist: 0.05)
[6405] Query: 0.80,0.50,0.50 | WINNER: face_kissy_face (Dist: 0.05)
[6420] Query: 0.80,0.50,0.50 | WINNER: face_kissy_face (Dist: 0.05)
[6435] Query: 0.80,0.50,0.50 | WINNER: face_kissy_face (Dist: 0.05)
[6450] Query: 0.80,0.50,0.50 | WINNER: face_kissy_face (Dist: 0.05)
[6465] Query: 0.80,0.50,0.50 | WINNER: face_kissy_face (Dist: 0.05)
[6480] Query: 0.80,0.50,0.50 | WINNER: face_kissy_face (Dist: 0.05)
[6495] Query: 0.80,0.50,0.50 | WINNER: face_kissy_face (Dist: 0.05)
[6510] Query: 0.80,0.50,0.50 | WINNER: face_kissy_face (Dist: 0.05)
[6525] Query: 0.80,0.50,0.50 | WINNER: face_kawaii_sparkle (Dist: 0.05)
[6540] Query: 0.80,0.50,0.50 | WINNER: face_kawaii_sparkle (Dist: 0.05)
[6555] Query: 0.80,0.50,0.50 | WINNER: face_kawaii_sparkle (Dist: 0.08)
[6570] Query: 0.80,0.50,0.50 | WINNER: face_blush (Dist: 0.09)
[6585] Query: 0.80,0.50,0.50 | WINNER: face_kawaii_sparkle (Dist: 0.06)
[6600] Query: 0.80,0.50,0.50 | WINNER: face_kawaii_sparkle (Dist: 0.09)
[6615] Query: 0.80,0.50,0.50 | WINNER: face_kawaii_sparkle (Dist: 0.07)
[6630] Query: 0.80,0.50,0.50 | WINNER: face_kawaii_sparkle (Dist: 0.06)
[6645] Query: 0.80,0.50,0.50 | WINNER: face_silly_tongue (Dist: 0.09)
[6660] Query: 0.80,0.50,0.50 | WINNER: face_blush (Dist: 0.08)
[6675] Query: 0.80,0.50,0.50 | WINNER: face_kissy_face (Dist: 0.07)
[6690] Query: 0.80,0.50,0.50 | WINNER: face_kissy_face (Dist: 0.06)
[6705] Query: 0.80,0.50,0.50 | WINNER: face_kissy_face (Dist: 0.06)
[6720] Query: 0.80,0.50,0.50 | WINNER: face_kissy_face (Dist: 0.05)
[6735] Query: 0.80,0.50,0.50 | WINNER: face_kissy_face (Dist: 0.05)
[6750] Query: 0.80,0.50,0.50 | WINNER: face_kissy_face (Dist: 0.05)
[6765] Query: 0.80,0.50,0.50 | WINNER: face_kissy_face (Dist: 0.05)
[6780] Query: 0.80,0.50,0.50 | WINNER: face_kissy_face (Dist: 0.05)
[6795] Query: 0.80,0.50,0.50 | WINNER: face_kissy_face (Dist: 0.05)
[6810] Query: 0.80,0.50,0.50 | WINNER: face_kissy_face (Dist: 0.05)
[6825] Query: 0.80,0.50,0.50 | WINNER: face_kissy_face (Dist: 0.05)
[6840] Query: 0.80,0.50,0.50 | WINNER: face_kissy_face (Dist: 0.05)
[6855] Query: 0.80,0.50,0.50 | WINNER: face_kissy_face (Dist: 0.05)
[6870] Query: 0.80,0.50,0.50 | WINNER: face_kissy_face (Dist: 0.05)
[6885] Query: 0.80,0.50,0.50 | WINNER: face_kissy_face (Dist: 0.05)
[6900] Query: 0.80,0.50,0.50 | WINNER: face_kissy_face (Dist: 0.05)
[6915] Query: 0.80,0.50,0.50 | WINNER: face_kissy_face (Dist: 0.05)
[6930] Query: 0.80,0.50,0.50 | WINNER: face_kissy_face (Dist: 0.05)
[6945] Query: 0.00,0.34,0.30 | WINNER: face_look_side (Dist: 0.17)
[6960] Query: -0.80,0.20,0.10 | WINNER: face_sad_standard (Dist: 0.05)
[6975] Query: -0.80,0.20,0.10 | WINNER: face_sad_standard (Dist: 0.05)
[6990] Query: -0.80,0.20,0.10 | WINNER: face_sad_standard (Dist: 0.05)
[7005] Query: -0.80,0.20,0.10 | WINNER: face_sad_standard (Dist: 0.05)
[7020] Query: -0.80,0.20,0.10 | WINNER: face_sad_standard (Dist: 0.05)
[7035] Query: -0.80,0.20,0.10 | WINNER: face_sad_standard (Dist: 0.05)
[7050] Query: -0.80,0.20,0.10 | WINNER: face_sad_standard (Dist: 0.05)
[7065] Query: -0.80,0.20,0.10 | WINNER: face_sad_standard (Dist: 0.05)
[7080] Query: -0.80,0.20,0.10 | WINNER: face_sad_standard (Dist: 0.05)
[7095] Query: -0.80,0.20,0.10 | WINNER: face_sad_standard (Dist: 0.05)
[7110] Query: -0.80,0.20,0.10 | WINNER: face_sad_standard (Dist: 0.05)
[7125] Query: -0.80,0.20,0.10 | WINNER: face_sad_standard (Dist: 0.05)
[7140] Query: -0.80,0.20,0.10 | WINNER: face_sad_standard (Dist: 0.05)
[7155] Query: -0.80,0.20,0.10 | WINNER: face_sad_standard (Dist: 0.05)
[7170] Query: -0.80,0.20,0.10 | WINNER: face_sad_standard (Dist: 0.05)
[7185] Query: -0.80,0.20,0.10 | WINNER: face_sad_standard (Dist: 0.05)
[7200] Query: -0.80,0.20,0.10 | WINNER: face_sad_standard (Dist: 0.05)
[7215] Query: -0.80,0.20,0.10 | WINNER: face_sad_standard (Dist: 0.05)
[7230] Query: -0.80,0.20,0.10 | WINNER: face_sad_standard (Dist: 0.05)
[7245] Query: -0.80,0.20,0.10 | WINNER: face_sad_standard (Dist: 0.05)
[7260] Query: -0.80,0.20,0.10 | WINNER: face_sad_standard (Dist: 0.05)
[7275] Query: -0.80,0.20,0.10 | WINNER: face_sad_standard (Dist: 0.05)
[7290] Query: -0.80,0.20,0.10 | WINNER: face_sad_standard (Dist: 0.05)
[7305] Query: -0.80,0.20,0.10 | WINNER: face_sad_standard (Dist: 0.05)
[7320] Query: -0.80,0.20,0.10 | WINNER: face_sad_standard (Dist: 0.05)
[7335] Query: -0.80,0.20,0.10 | WINNER: face_sad_standard (Dist: 0.05)
[7350] Query: -0.80,0.20,0.10 | WINNER: face_sad_standard (Dist: 0.05)
[7365] Query: -0.80,0.20,0.10 | WINNER: face_sad_standard (Dist: 0.05)
[7380] Query: -0.80,0.20,0.10 | WINNER: face_sad_standard (Dist: 0.05)
[7395] Query: -0.80,0.20,0.10 | WINNER: face_sad_standard (Dist: 0.05)
[7410] Query: -0.80,0.20,0.10 | WINNER: face_sad_standard (Dist: 0.05)
[7425] Query: -0.80,0.20,0.10 | WINNER: face_sad_standard (Dist: 0.05)
[7440] Query: -0.80,0.20,0.10 | WINNER: face_sad_standard (Dist: 0.05)
[7455] Query: -0.80,0.20,0.10 | WINNER: face_sad_standard (Dist: 0.05)
[7470] Query: -0.80,0.20,0.10 | WINNER: face_sad_standard (Dist: 0.05)
[7485] Query: -0.80,0.20,0.10 | WINNER: face_sad_standard (Dist: 0.05)
[7500] Query: -0.80,0.20,0.10 | WINNER: face_sad_standard (Dist: 0.05)
[7515] Query: -0.80,0.20,0.10 | WINNER: face_sad_standard (Dist: 0.05)
[7530] Query: -0.80,0.20,0.10 | WINNER: face_sad_standard (Dist: 0.05)
[7545] Query: -0.80,0.20,0.10 | WINNER: face_sad_standard (Dist: 0.05)
[7560] Query: -0.80,0.20,0.10 | WINNER: face_sad_standard (Dist: 0.05)
[7575] Query: -0.80,0.20,0.10 | WINNER: face_sad_standard (Dist: 0.05)
[7590] Query: -0.80,0.20,0.10 | WINNER: face_sad_standard (Dist: 0.05)
[7605] Query: -0.80,0.20,0.10 | WINNER: face_sad_standard (Dist: 0.05)
[7620] Query: -0.80,0.20,0.10 | WINNER: face_sad_standard (Dist: 0.05)
[7635] Query: -0.80,0.20,0.10 | WINNER: face_sad_standard (Dist: 0.05)
[7650] Query: -0.80,0.20,0.10 | WINNER: face_sad_standard (Dist: 0.05)
[7665] Query: -0.80,0.20,0.10 | WINNER: face_sad_standard (Dist: 0.05)
[7680] Query: -0.80,0.20,0.10 | WINNER: face_sad_standard (Dist: 0.05)
[7695] Query: -0.80,0.20,0.10 | WINNER: face_sad_standard (Dist: 0.05)
[7710] Query: -0.80,0.20,0.10 | WINNER: face_sad_standard (Dist: 0.05)
[7725] Query: -0.80,0.20,0.10 | WINNER: face_sad_standard (Dist: 0.05)
[7740] Query: -0.80,0.20,0.10 | WINNER: face_sad_standard (Dist: 0.05)
[7755] Query: -0.80,0.20,0.10 | WINNER: face_sad_standard (Dist: 0.05)
[7770] Query: -0.80,0.20,0.10 | WINNER: face_sad_standard (Dist: 0.05)
[7785] Query: -0.80,0.20,0.10 | WINNER: face_sad_standard (Dist: 0.05)
[7800] Query: -0.80,0.20,0.10 | WINNER: face_sad_standard (Dist: 0.05)
[7815] Query: -0.80,0.20,0.10 | WINNER: face_sad_standard (Dist: 0.05)
[7830] Query: -0.80,0.20,0.10 | WINNER: face_sad_standard (Dist: 0.05)
[7845] Query: -0.80,0.20,0.10 | WINNER: face_sad_standard (Dist: 0.05)
[7860] Query: -0.80,0.20,0.10 | WINNER: face_sad_standard (Dist: 0.05)
[7875] Query: -0.80,0.20,0.10 | WINNER: face_sad_standard (Dist: 0.05)
[7890] Query: -0.80,0.20,0.10 | WINNER: face_sad_standard (Dist: 0.05)
[7905] Query: -0.80,0.20,0.10 | WINNER: face_sad_standard (Dist: 0.05)
[7920] Query: -0.80,0.20,0.10 | WINNER: face_sad_standard (Dist: 0.05)
[7935] Query: -0.80,0.20,0.10 | WINNER: face_sad_standard (Dist: 0.05)
[7950] Query: -0.80,0.20,0.10 | WINNER: face_sad_standard (Dist: 0.05)
[7965] Query: -0.80,0.20,0.10 | WINNER: face_sad_standard (Dist: 0.05)
[7980] Query: -0.80,0.20,0.10 | WINNER: face_sad_standard (Dist: 0.05)
[7995] Query: -0.80,0.20,0.10 | WINNER: face_sad_standard (Dist: 0.05)
[8010] Query: 0.55,0.46,0.44 | WINNER: face_blush (Dist: 0.07)
[8025] Query: 0.80,0.50,0.50 | WINNER: face_kissy_face (Dist: 0.05)
[8040] Query: 0.80,0.50,0.50 | WINNER: face_kissy_face (Dist: 0.05)
[8055] Query: 0.80,0.50,0.50 | WINNER: face_kissy_face (Dist: 0.05)
[8070] Query: 0.80,0.50,0.50 | WINNER: face_kissy_face (Dist: 0.05)
[8085] Query: 0.80,0.50,0.50 | WINNER: face_kissy_face (Dist: 0.05)
[8100] Query: 0.80,0.50,0.50 | WINNER: face_kissy_face (Dist: 0.05)
[8115] Query: 0.80,0.50,0.50 | WINNER: face_kissy_face (Dist: 0.05)
[8130] Query: 0.80,0.50,0.50 | WINNER: face_kissy_face (Dist: 0.05)
[8145] Query: 0.80,0.50,0.50 | WINNER: face_kissy_face (Dist: 0.05)
[8160] Query: 0.80,0.50,0.50 | WINNER: face_kissy_face (Dist: 0.05)
[8175] Query: 0.80,0.50,0.50 | WINNER: face_kissy_face (Dist: 0.05)
[8190] Query: 0.80,0.50,0.50 | WINNER: face_kissy_face (Dist: 0.05)
[8205] Query: 0.80,0.50,0.50 | WINNER: face_kissy_face (Dist: 0.05)
[8220] Query: 0.80,0.50,0.50 | WINNER: face_kissy_face (Dist: 0.05)
[8235] Query: 0.80,0.50,0.50 | WINNER: face_kissy_face (Dist: 0.05)
[8250] Query: 0.80,0.50,0.50 | WINNER: face_kissy_face (Dist: 0.05)
[8265] Query: 0.80,0.50,0.50 | WINNER: face_kissy_face (Dist: 0.05)
[8280] Query: 0.80,0.50,0.50 | WINNER: face_kissy_face (Dist: 0.05)
[8295] Query: 0.80,0.50,0.50 | WINNER: face_kissy_face (Dist: 0.05)
[8310] Query: 0.80,0.50,0.50 | WINNER: face_kissy_face (Dist: 0.05)
[8325] Query: 0.80,0.50,0.50 | WINNER: face_kissy_face (Dist: 0.05)
[8340] Query: 0.80,0.50,0.50 | WINNER: face_kissy_face (Dist: 0.05)
[8355] Query: 0.80,0.50,0.50 | WINNER: face_kissy_face (Dist: 0.05)
[8370] Query: 0.80,0.50,0.50 | WINNER: face_kissy_face (Dist: 0.05)
[8385] Query: 0.80,0.50,0.50 | WINNER: face_kissy_face (Dist: 0.05)
[8400] Query: 0.80,0.50,0.50 | WINNER: face_kissy_face (Dist: 0.05)
[8415] Query: 0.80,0.50,0.50 | WINNER: face_kawaii_sparkle (Dist: 0.05)
[8430] Query: 0.80,0.50,0.50 | WINNER: face_kawaii_sparkle (Dist: 0.05)
[8445] Query: 0.80,0.50,0.50 | WINNER: face_kawaii_sparkle (Dist: 0.08)
[8460] Query: 0.80,0.50,0.50 | WINNER: face_blush (Dist: 0.09)
[8475] Query: 0.80,0.50,0.50 | WINNER: face_blush (Dist: 0.08)
[8490] Query: 0.80,0.50,0.50 | WINNER: face_kissy_face (Dist: 0.07)
[8505] Query: 0.80,0.50,0.50 | WINNER: face_kissy_face (Dist: 0.06)
[8520] Query: 0.80,0.50,0.50 | WINNER: face_kissy_face (Dist: 0.05)
[8535] Query: 0.80,0.50,0.50 | WINNER: face_kissy_face (Dist: 0.05)
[8550] Query: 0.80,0.50,0.50 | WINNER: face_kissy_face (Dist: 0.05)
[8565] Query: 0.80,0.50,0.50 | WINNER: face_kissy_face (Dist: 0.05)
[8580] Query: 0.80,0.50,0.50 | WINNER: face_kissy_face (Dist: 0.05)
[8595] Query: 0.80,0.50,0.50 | WINNER: face_kissy_face (Dist: 0.05)
[8610] Query: 0.80,0.50,0.50 | WINNER: face_kissy_face (Dist: 0.05)
[8625] Query: 0.80,0.50,0.50 | WINNER: face_kissy_face (Dist: 0.05)
[8640] Query: 0.80,0.50,0.50 | WINNER: face_kissy_face (Dist: 0.05)
[8655] Query: 0.80,0.50,0.50 | WINNER: face_kissy_face (Dist: 0.05)
[8670] Query: 0.80,0.50,0.50 | WINNER: face_kissy_face (Dist: 0.05)
[8685] Query: 0.80,0.50,0.50 | WINNER: face_kissy_face (Dist: 0.05)
[8700] Query: 0.80,0.50,0.50 | WINNER: face_kissy_face (Dist: 0.05)
[8715] Query: 0.80,0.50,0.50 | WINNER: face_kissy_face (Dist: 0.05)
[8730] Query: 0.80,0.50,0.50 | WINNER: face_kissy_face (Dist: 0.05)
