TIMESTAMP | MOOD QUERY (V,A,C,N,O) | NEIGHBOR 1 (Dist) | NEIGHBOR 2 (Dist) | WEIGHTS | CRITICAL PARAMS
---------------------------------------------------------------------------------------------------
[15] Query: 0.80,0.40,0.80 | WINNER: face_happy_standard (Dist: 0.00)
[30] Query: 0.80,0.40,0.80 | WINNER: face_happy_standard (Dist: 0.00)
[45] Query: 0.80,0.40,0.80 | WINNER: face_happy_standard (Dist: 0.00)
[60] Query: 0.80,0.40,0.80 | WINNER: face_happy_standard (Dist: 0.00)
[75] Query: 0.80,0.40,0.80 | WINNER: face_happy_standard (Dist: 0.00)
[90] Query: 0.80,0.40,0.80 | WINNER: face_happy_standard (Dist: 0.00)
[105] Query: 0.80,0.40,0.80 | WINNER: face_happy_standard (Dist: 0.00)
[120] Query: 0.80,0.40,0.80 | WINNER: face_happy_standard (Dist: 0.00)
[135] Query: 0.80,0.40,0.80 | WINNER: face_happy_standard (Dist: 0.00)
[150] Query: 0.80,0.40,0.80 | WINNER: face_happy_standard (Dist: 0.00)
[165] Query: 0.80,0.40,0.80 | WINNER: face_happy_standard (Dist: 0.00)
[180] Query: 0.80,0.40,0.80 | WINNER: face_happy_standard (Dist: 0.00)
[195] Query: 0.80,0.41,0.80 | WINNER: face_pixel_smile (Dist: 0.00)
[210] Query: 0.80,0.29,0.80 | WINNER: face_happy_standard (Dist: 0.01)
[225] Query: 0.80,0.28,0.80 | WINNER: face_happy_standard (Dist: 0.01)
[240] Query: 0.80,0.28,0.80 | WINNER: face_happy_standard (Dist: 0.01)
[255] Query: 0.80,0.28,0.80 | WINNER: face_happy_standard (Dist: 0.01)
[270] Query: 0.80,0.28,0.80 | WINNER: face_happy_standard (Dist: 0.01)
[285] Query: 0.80,0.28,0.80 | WINNER: face_silly_tongue (Dist: 0.18)
[300] Query: 0.80,0.28,0.80 | WINNER: face_kawaii_sparkle (Dist: 0.28)
[315] Query: 0.80,0.28,0.80 | WINNER: face_silly_tongue (Dist: 0.17)
[330] Query: 0.80,0.28,0.80 | WINNER: face_happy_standard (Dist: 0.11)
[345] Query: 0.80,0.28,0.80 | WINNER: face_kawaii_sparkle (Dist: 0.28)
[360] Query: 0.80,0.28,0.80 | WINNER: face_silly_tongue (Dist: 0.26)
[375] Query: 0.80,0.28,0.80 | WINNER: face_silly_tongue (Dist: 0.17)
[390] Query: 0.80,0.28,0.80 | WINNER: face_happy_standard (Dist: 0.10)
[405] Query: 0.80,0.28,0.80 | WINNER: face_happy_standard (Dist: 0.05)
[420] Query: 0.80,0.28,0.80 | WINNER: face_silly_tongue (Dist: 0.28)
[435] Query: 0.80,0.28,0.80 | WINNER: face_silly_tongue (Dist: 0.26)
[450] Query: 0.80,0.28,0.80 | WINNER: face_silly_tongue (Dist: 0.17)
[465] Query: 0.80,0.28,0.80 | WINNER: face_happy_standard (Dist: 0.10)
[480] Query: 0.80,0.28,0.80 | WINNER: face_happy_standard (Dist: 0.05)
[495] Query: 0.80,0.28,0.80 | WINNER: face_happy_standard (Dist: 0.03)
[510] Query: 0.80,0.28,0.80 | WINNER: face_happy_standard (Dist: 0.12)
[525] Query: 0.80,0.28,0.80 | WINNER: face_kawaii_sparkle (Dist: 0.31)
[540] Query: 0.80,0.28,0.80 | WINNER: face_kawaii_sparkle (Dist: 0.32)
[555] Query: 0.80,0.28,0.80 | WINNER: face_kawaii_sparkle (Dist: 0.31)
[570] Query: 0.80,0.28,0.80 | WINNER: face_kawaii_sparkle (Dist: 0.33)
[585] Query: 0.80,0.28,0.80 | WINNER: face_silly_tongue (Dist: 0.27)
[600] Query: 0.80,0.28,0.80 | WINNER: face_silly_tongue (Dist: 0.17)
[615] Query: 0.80,0.28,0.80 | WINNER: face_happy_standard (Dist: 0.10)
[630] Query: 0.80,0.28,0.80 | WINNER: face_happy_standard (Dist: 0.06)
[645] Query: 0.80,0.28,0.80 | WINNER: face_happy_standard (Dist: 0.03)
[660] Query: 0.80,0.28,0.80 | WINNER: face_happy_standard (Dist: 0.02)
[675] Query: 0.80,0.28,0.49 | WINNER: face_kissy_face (Dist: 0.02)
[690] Query: 0.80,0.28,0.19 | WINNER: face_blush (Dist: 0.13)
[705] Query: 0.80,0.28,0.19 | WINNER: face_blush (Dist: 0.13)
[720] Query: 0.80,0.28,0.19 | WINNER: face_blush (Dist: 0.13)
[735] Query: 0.80,0.28,0.19 | WINNER: face_blush (Dist: 0.14)
[750] Query: 0.80,0.28,0.19 | WINNER: face_blush (Dist: 0.14)
[765] Query: 0.80,0.28,0.22 | WINNER: face_blush (Dist: 0.13)
[780] Query: 0.80,0.28,0.56 | WINNER: face_kissy_face (Dist: 0.00)
[795] Query: 0.80,0.28,0.57 | WINNER: face_kissy_face (Dist: 0.00)
[810] Query: 0.80,0.28,0.57 | WINNER: face_kissy_face (Dist: 0.00)
[825] Query: 0.80,0.28,0.57 | WINNER: face_kissy_face (Dist: 0.00)
[840] Query: 0.80,0.28,0.57 | WINNER: face_kissy_face (Dist: 0.03)
[855] Query: 0.80,0.28,0.57 | WINNER: face_kissy_face (Dist: 0.28)
[870] Query: 0.80,0.28,0.57 | WINNER: face_kissy_face (Dist: 0.30)
[885] Query: 0.80,0.28,0.57 | WINNER: face_kissy_face (Dist: 0.33)
[900] Query: 0.80,0.28,0.57 | WINNER: face_kissy_face (Dist: 0.85)
[915] Query: 0.80,0.28,0.57 | WINNER: face_kissy_face (Dist: 1.00)
[930] Query: 0.80,0.28,0.57 | WINNER: face_kissy_face (Dist: 1.00)
[945] Query: 0.80,0.28,0.57 | WINNER: face_kissy_face (Dist: 1.00)
[960] Query: 0.80,0.28,0.57 | WINNER: face_kissy_face (Dist: 1.00)
[975] Query: 0.80,0.28,0.57 | WINNER: face_kissy_face (Dist: 1.00)
[990] Query: 0.80,0.28,0.04 | WINNER: face_blush (Dist: 1.20)
[1005] Query: 0.80,0.28,-0.00 | WINNER: face_blush (Dist: 1.22)
[1020] Query: 0.80,0.28,0.00 | WINNER: face_blush (Dist: 1.22)
[1035] Query: 0.80,0.28,-0.00 | WINNER: face_blush (Dist: 1.22)
[1050] Query: 0.80,0.48,0.00 | WINNER: face_blush (Dist: 1.17)
[1065] Query: 0.80,1.00,-0.00 | WINNER: face_blush (Dist: 1.42)
[1080] Query: 0.80,1.00,0.00 | WINNER: face_blush (Dist: 1.42)
[1095] Query: 0.80,1.00,-0.00 | WINNER: face_blush (Dist: 1.42)
[1110] Query: -0.72,1.00,0.00 | WINNER: face_crying_wail (Dist: 0.13)
[1125] Query: -0.81,1.00,-0.00 | WINNER: face_crying_wail (Dist: 0.08)
[1140] Query: -0.81,1.00,0.00 | WINNER: face_crying_wail (Dist: 0.08)
[1155] Query: -0.81,1.00,-0.00 | WINNER: face_crying_wail (Dist: 0.08)
[1170] Query: -0.81,1.00,0.00 | WINNER: face_crying_wail (Dist: 0.08)
[1185] Query: -0.81,1.00,0.00 | WINNER: face_crying_wail (Dist: 0.08)
[1200] Query: -0.81,1.00,-0.00 | WINNER: face_crying_wail (Dist: 0.08)
[1215] Query: -0.81,1.00,0.00 | WINNER: face_crying_wail (Dist: 0.08)
[1230] Query: -0.96,1.00,-0.00 | WINNER: face_crying_wail (Dist: 0.05)
[1245] Query: -1.00,1.00,0.00 | WINNER: face_crying_wail (Dist: 0.05)
[1260] Query: -1.00,1.00,0.00 | WINNER: face_crying_wail (Dist: 0.05)
[1275] Query: -1.00,1.00,0.00 | WINNER: face_crying_wail (Dist: 0.05)
[1290] Query: -1.00,1.00,0.00 | WINNER: face_crying_tears (Dist: 0.64)
[1305] Query: -1.00,1.00,0.00 | WINNER: face_text_sad_D (Dist: 0.83)
[1320] Query: -1.00,1.00,0.00 | WINNER: face_text_sad_D (Dist: 0.83)
[1335] Query: -1.00,1.00,0.00 | WINNER: face_text_sad_D (Dist: 0.73)
[1350] Query: -1.00,1.00,0.00 | WINNER: face_crying_wail (Dist: 0.49)
[1365] Query: -1.00,1.00,0.00 | WINNER: face_crying_wail (Dist: 0.44)
[1380] Query: -1.00,1.00,0.00 | WINNER: face_crying_wail (Dist: 0.44)
[1395] Query: -1.00,1.00,0.00 | WINNER: face_crying_wail (Dist: 0.47)
[1410] Query: -1.00,1.00,0.00 | WINNER: face_crying_wail (Dist: 0.49)
[1425] Query: -1.00,1.00,0.00 | WINNER: face_crying_tears (Dist: 0.60)
[1440] Query: -1.00,1.00,0.00 | WINNER: face_crying_tears (Dist: 0.63)
[1455] Query: -1.00,1.00,0.00 | WINNER: face_crying_tears (Dist: 0.63)
[1470] Query: -1.00,1.00,0.00 | WINNER: face_crying_tears (Dist: 0.63)
[1485] Query: -1.00,1.00,0.00 | WINNER: face_crying_tears (Dist: 0.63)
[1500] Query: -1.00,1.00,0.00 | WINNER: face_crying_tears (Dist: 0.63)
[1515] Query: -1.00,1.00,0.00 | WINNER: face_crying_tears (Dist: 0.63)
[1530] Query: -1.00,1.00,0.00 | WINNER: face_crying_tears (Dist: 0.63)
[1545] Query: -1.00,1.00,0.00 | WINNER: face_crying_tears (Dist: 0.63)
[1560] Query: -1.00,1.00,0.00 | WINNER: face_crying_tears (Dist: 0.63)
[1575] Query: -1.00,1.00,0.00 | WINNER: face_crying_tears (Dist: 0.63)
[1590] Query: -1.00,1.00,0.00 | WINNER: face_crying_tears (Dist: 0.63)
[1605] Query: -1.00,1.00,0.00 | WINNER: face_crying_tears (Dist: 0.63)
[1620] Query: -1.00,1.00,0.00 | WINNER: face_crying_tears (Dist: 0.63)
[1635] Query: -1.00,1.00,0.00 | WINNER: face_crying_tears (Dist: 0.63)
[1650] Query: -1.00,1.00,0.00 | WINNER: face_crying_tears (Dist: 0.63)
[1665] Query: -1.00,1.00,0.00 | WINNER: face_crying_tears (Dist: 0.63)
[1680] Query: -1.00,1.00,0.00 | WINNER: face_crying_tears (Dist: 0.63)
[1695] Query: -1.00,1.00,0.00 | WINNER: face_crying_tears (Dist: 0.63)
[1710] Query: -1.00,1.00,0.00 | WINNER: face_crying_tears (Dist: 0.63)
[1725] Query: -1.00,1.00,0.00 | WINNER: face_crying_tears (Dist: 0.63)
[1740] Query: -1.00,1.00,0.00 | WINNER: face_crying_tears (Dist: 0.63)
[1755] Query: -1.00,1.00,0.00 | WINNER: face_crying_tears (Dist: 0.63)
[1770] Query: -1.00,1.00,0.00 | WINNER: face_crying_tears (Dist: 0.63)
[1785] Query: -1.00,1.00,0.00 | WINNER: face_crying_tears (Dist: 0.63)
[1800] Query: -1.00,1.00,0.00 | WINNER: face_crying_tears (Dist: 0.63)
